<?xml version="1.0" encoding="UTF-8"?>
<!-- Generated by org.testng.reporters.JUnitReportReporter -->
<testsuite hostname="DESKTOP-2PNO6S9" failures="0" tests="9" name="com.walmart.qa.test.InvalidDataCreateAcTest" time="107.485" errors="0" timestamp="2021-02-24T22:13:47 EST" skipped="0">
  <testcase classname="com.walmart.qa.test.InvalidDataCreateAcTest" name="invalidFirstName1Test" time="11.611"/>
  <system-out/>
  <testcase classname="com.walmart.qa.test.InvalidDataCreateAcTest" name="invalidFirstName2Test" time="10.755"/>
  <system-out/>
  <testcase classname="com.walmart.qa.test.InvalidDataCreateAcTest" name="blankFirstNameTest" time="11.147"/>
  <system-out/>
  <testcase classname="com.walmart.qa.test.InvalidDataCreateAcTest" name="invalidLastName1Test" time="13.056"/>
  <system-out/>
  <testcase classname="com.walmart.qa.test.InvalidDataCreateAcTest" name="blankLastNameTest" time="11.243"/>
  <system-out/>
  <testcase classname="com.walmart.qa.test.InvalidDataCreateAcTest" name="invalidLastName2Test" time="13.098"/>
  <system-out/>
  <testcase classname="com.walmart.qa.test.InvalidDataCreateAcTest" name="invalidPhoneNumberTest" time="12.300"/>
  <system-out/>
  <testcase classname="com.walmart.qa.test.InvalidDataCreateAcTest" name="invaEmailIdTest1" time="11.795"/>
  <system-out/>
  <testcase classname="com.walmart.qa.test.InvalidDataCreateAcTest" name="invaEmailIdTest2" time="12.480"/>
  <system-out/>
</testsuite> <!-- com.walmart.qa.test.InvalidDataCreateAcTest -->
