<?xml version="1.0" encoding="UTF-8"?>
<!-- Generated by org.testng.reporters.JUnitReportReporter -->
<testsuite hostname="DESKTOP-2PNO6S9" failures="0" tests="8" name="com.walmart.qa.test.CreateAccountTest" time="113.589" errors="0" timestamp="2021-02-22T21:30:57 EST" skipped="0">
  <testcase classname="com.walmart.qa.test.CreateAccountTest" name="enterLastNameTest" time="13.602"/>
  <system-out/>
  <testcase classname="com.walmart.qa.test.CreateAccountTest" name="clickOnMktngChkboxTest" time="14.998"/>
  <system-out/>
  <testcase classname="com.walmart.qa.test.CreateAccountTest" name="enterPasswordTest" time="14.290"/>
  <system-out/>
  <testcase classname="com.walmart.qa.test.CreateAccountTest" name="createAccountButtonTest" time="13.446"/>
  <system-out/>
  <testcase classname="com.walmart.qa.test.CreateAccountTest" name="enterFirstNameTest" time="13.044"/>
  <system-out/>
  <testcase classname="com.walmart.qa.test.CreateAccountTest" name="enterValidEmailIdTest" time="13.328"/>
  <system-out/>
  <testcase classname="com.walmart.qa.test.CreateAccountTest" name="enterValidPhoneTest" time="14.512"/>
  <system-out/>
  <testcase classname="com.walmart.qa.test.CreateAccountTest" name="clickOnTermsChkboxTest" time="16.369"/>
  <system-out/>
</testsuite> <!-- com.walmart.qa.test.CreateAccountTest -->
